  Main.cpp
  C:\Users\Sephy\Documents\_Code\Jellyfish\Moon\Source\..\Dependencies\SFML-2.4.2-windows-vc14-64-bit\SFML-2.4.2\bin\openal32.dll
  C:\Users\Sephy\Documents\_Code\Jellyfish\Moon\Source\..\Dependencies\SFML-2.4.2-windows-vc14-64-bit\SFML-2.4.2\bin\sfml-audio-2.dll
  C:\Users\Sephy\Documents\_Code\Jellyfish\Moon\Source\..\Dependencies\SFML-2.4.2-windows-vc14-64-bit\SFML-2.4.2\bin\sfml-audio-d-2.dll
  C:\Users\Sephy\Documents\_Code\Jellyfish\Moon\Source\..\Dependencies\SFML-2.4.2-windows-vc14-64-bit\SFML-2.4.2\bin\sfml-graphics-2.dll
  C:\Users\Sephy\Documents\_Code\Jellyfish\Moon\Source\..\Dependencies\SFML-2.4.2-windows-vc14-64-bit\SFML-2.4.2\bin\sfml-graphics-d-2.dll
  C:\Users\Sephy\Documents\_Code\Jellyfish\Moon\Source\..\Dependencies\SFML-2.4.2-windows-vc14-64-bit\SFML-2.4.2\bin\sfml-network-2.dll
  C:\Users\Sephy\Documents\_Code\Jellyfish\Moon\Source\..\Dependencies\SFML-2.4.2-windows-vc14-64-bit\SFML-2.4.2\bin\sfml-network-d-2.dll
  C:\Users\Sephy\Documents\_Code\Jellyfish\Moon\Source\..\Dependencies\SFML-2.4.2-windows-vc14-64-bit\SFML-2.4.2\bin\sfml-system-2.dll
  C:\Users\Sephy\Documents\_Code\Jellyfish\Moon\Source\..\Dependencies\SFML-2.4.2-windows-vc14-64-bit\SFML-2.4.2\bin\sfml-system-d-2.dll
  C:\Users\Sephy\Documents\_Code\Jellyfish\Moon\Source\..\Dependencies\SFML-2.4.2-windows-vc14-64-bit\SFML-2.4.2\bin\sfml-window-2.dll
  C:\Users\Sephy\Documents\_Code\Jellyfish\Moon\Source\..\Dependencies\SFML-2.4.2-windows-vc14-64-bit\SFML-2.4.2\bin\sfml-window-d-2.dll
  11 File(s) copied
  C:\Users\Sephy\Documents\_Code\Jellyfish\Moon\Source\..\Bin\Release\x64\MoonRenderer\MoonRenderer_r.dll
  1 File(s) copied
LINK : warning LNK4075: ignoring '/INCREMENTAL' due to '/LTCG' specification
  Generating code
  All 384 functions were compiled because no usable IPDB/IOBJ from previous compilation was found.
  Finished generating code
  Moon.vcxproj -> C:\Users\Sephy\Documents\_Code\Jellyfish\Moon\Source\..\Bin\Release\x64\MoonMain\MoonMain_r.exe
